2026-07-21 10:15:35,218 [INFO] ==================================================
2026-07-21 10:15:35,218 [INFO] 🟢 A股短线跟踪 · 调度守护进程启动
2026-07-21 10:15:35,219 [INFO]    仓库: hohevin474-debug/astock-tracker
2026-07-21 10:15:35,219 [INFO]    推送时间: 09:00, 10:30, 11:30, 14:00, 15:00
2026-07-21 10:15:35,219 [INFO]    检查间隔: 30 秒
2026-07-21 10:15:35,219 [INFO] ==================================================
2026-07-21 10:15:35,219 [INFO] 📅 新的一天: 2026-07-21 (周二)
2026-07-21 10:30:05,224 [INFO] ⏰ 到达推送时间: 10:30 → intraday_1
2026-07-21 10:30:06,594 [INFO] 🚀 触发 intraday_1 → HTTP 204
2026-07-21 10:30:06,596 [INFO] ✅ intraday_1 已触发
2026-07-21 11:30:06,635 [INFO] ⏰ 到达推送时间: 11:30 → midday
2026-07-21 11:30:08,367 [INFO] 🚀 触发 midday → HTTP 204
2026-07-21 11:30:08,368 [INFO] ✅ midday 已触发
2026-07-21 14:00:08,411 [INFO] ⏰ 到达推送时间: 14:00 → intraday_3
2026-07-21 14:00:09,974 [INFO] 🚀 触发 intraday_3 → HTTP 204
2026-07-21 14:00:09,976 [INFO] ✅ intraday_3 已触发
2026-07-21 15:00:09,993 [INFO] ⏰ 到达推送时间: 15:00 → close
2026-07-21 15:00:11,634 [INFO] 🚀 触发 close → HTTP 204
2026-07-21 15:00:11,635 [INFO] ✅ close 已触发
2026-07-21 15:54:08,165 [INFO] ==================================================
2026-07-21 15:54:08,165 [INFO] 🟢 A股短线跟踪 · 调度守护进程 v2 启动
2026-07-21 15:54:08,165 [INFO]    模式: 本地直接运行（输出到 WorkBuddy 聊天框）
2026-07-21 15:54:08,165 [INFO]    推送时间: 09:00, 10:30, 11:30, 14:00, 15:00
2026-07-21 15:54:08,165 [INFO]    检查间隔: 30 秒
2026-07-21 15:54:08,165 [INFO] ==================================================
2026-07-21 15:54:08,165 [INFO] 📅 新的一天: 2026-07-21 (周二)
2026-07-22 10:48:11,222 [INFO] ==================================================
2026-07-22 10:48:11,222 [INFO] 🟢 A股短线跟踪 · 调度守护进程 v2 启动
2026-07-22 10:48:11,222 [INFO]    模式: 本地直接运行（输出到 WorkBuddy 聊天框）
2026-07-22 10:48:11,222 [INFO]    推送时间: 09:00, 10:30, 11:30, 14:00, 15:00
2026-07-22 10:48:11,222 [INFO]    检查间隔: 30 秒
2026-07-22 10:48:11,222 [INFO] ==================================================
2026-07-22 10:48:11,222 [INFO] 📅 新的一天: 2026-07-22 (周三)
2026-07-22 11:30:11,235 [INFO] ⏰ 到达推送时间: 11:30 → midday
2026-07-22 11:30:11,235 [INFO] 🚀 本地运行: midday
2026-07-22 11:30:15,160 [INFO] ✅ midday 执行成功
2026-07-22 11:30:15,160 [INFO] ✅ midday 已完成
2026-07-22 12:13:50,766 [INFO] ==================================================
2026-07-22 12:13:50,766 [INFO] 🟢 守护进程 v3 启动
2026-07-22 12:13:50,766 [INFO]    推送: 09:00, 10:30, 11:30, 14:00, 15:00
2026-07-22 12:13:50,766 [INFO] ==================================================
2026-07-22 12:13:50,766 [INFO] 📅 新的一天: 2026-07-22
2026-07-22 12:17:59,067 [INFO] ==================================================
2026-07-22 12:17:59,067 [INFO] 🟢 守护进程 v3 启动
2026-07-22 12:17:59,067 [INFO]    推送: 09:00, 10:30, 11:30, 14:00, 15:00 (+持仓跟踪)
2026-07-22 12:17:59,067 [INFO] ==================================================
2026-07-22 12:17:59,067 [INFO] 📅 新的一天: 2026-07-22
2026-07-22 12:22:20,212 [INFO] ==================================================
2026-07-22 12:22:20,212 [INFO] 🟢 守护进程 v4 启动（自动推送消息到聊天框）
2026-07-22 12:22:20,212 [INFO]    推送: 09:00, 10:30, 11:30, 14:00, 15:00
2026-07-22 12:22:20,212 [INFO] ==================================================
2026-07-22 12:22:20,212 [INFO] 📅 新的一天: 2026-07-22
